dynamicgrid/build/intermediates/manifest_merge_blame_file/debug/manifest-merger-blame-debug-report.txt
1<?xml version="1.0" encoding="utf-8"?>
2<manifest xmlns:android="http://schemas.android.com/apk/res/android"
3    package="org.askerov.dynamicgrid"
4    android:versionCode="1"
5    android:versionName="1.0" >
6
7    <uses-sdk
7-->Document-Scanner\dynamicgrid\AndroidManifest.xml:7:5-46
8        android:minSdkVersion="8"
8-->Document-Scanner\dynamicgrid\AndroidManifest.xml:7:5-46
9        android:targetSdkVersion="21" />
9-->Document-Scanner\dynamicgrid\AndroidManifest.xml:7:15-44
10
11</manifest>